/*C2*/SET SCHEMA PUBLIC
DISCONNECT
/*C3*/SET SCHEMA PUBLIC
create table jbid_attr_bin_value (BIN_VALUE_ID bigint generated by default as identity (start with 1), VALUE longvarbinary, primary key (BIN_VALUE_ID))
create table jbid_creden_bin_value (BIN_VALUE_ID bigint generated by default as identity (start with 1), VALUE longvarbinary, primary key (BIN_VALUE_ID))
create table jbid_io (ID bigint generated by default as identity (start with 1), IDENTITY_TYPE bigint not null, NAME varchar(255) not null, REALM bigint not null, primary key (ID), unique (IDENTITY_TYPE, NAME, REALM))
create table jbid_io_attr (ATTRIBUTE_ID bigint generated by default as identity (start with 1), IDENTITY_OBJECT_ID bigint not null, NAME varchar(255), ATTRIBUTE_TYPE varchar(255), BIN_VALUE_ID bigint, primary key (ATTRIBUTE_ID), unique (IDENTITY_OBJECT_ID, NAME))
create table jbid_io_attr_text_values (TEXT_ATTR_VALUE_ID bigint not null, ATTR_VALUE varchar(255))
create table jbid_io_creden (ID bigint generated by default as identity (start with 1), BIN_VALUE_ID bigint, IDENTITY_OBJECT_ID bigint not null, TEXT varchar(255), CREDENTIAL_TYPE bigint not null, primary key (ID), unique (IDENTITY_OBJECT_ID, CREDENTIAL_TYPE))
create table jbid_io_creden_props (PROP_ID bigint not null, PROP_VALUE varchar(255) not null, PROP_NAME varchar(255) not null, primary key (PROP_ID, PROP_NAME))
create table jbid_io_creden_type (ID bigint generated by default as identity (start with 1), NAME varchar(255), primary key (ID), unique (NAME))
create table jbid_io_props (PROP_ID bigint not null, PROP_VALUE varchar(255) not null, PROP_NAME varchar(255) not null, primary key (PROP_ID, PROP_NAME))
create table jbid_io_rel (ID bigint generated by default as identity (start with 1), FROM_IDENTITY bigint not null, NAME bigint, TO_IDENTITY bigint not null, REL_TYPE bigint not null, primary key (ID), unique (FROM_IDENTITY, NAME, TO_IDENTITY, REL_TYPE))
create table jbid_io_rel_name (ID bigint generated by default as identity (start with 1), NAME varchar(255) not null, REALM bigint not null, primary key (ID), unique (NAME, REALM))
create table jbid_io_rel_name_props (PROP_ID bigint not null, PROP_VALUE varchar(255) not null, PROP_NAME varchar(255) not null, primary key (PROP_ID, PROP_NAME))
create table jbid_io_rel_props (PROP_ID bigint not null, PROP_VALUE varchar(255) not null, PROP_NAME varchar(255) not null, primary key (PROP_ID, PROP_NAME))
create table jbid_io_rel_type (ID bigint generated by default as identity (start with 1), NAME varchar(255) not null, primary key (ID), unique (NAME))
create table jbid_io_type (ID bigint generated by default as identity (start with 1), NAME varchar(255) not null, primary key (ID), unique (NAME))
create table jbid_real_props (PROP_ID bigint not null, PROP_VALUE varchar(255) not null, PROP_NAME varchar(255) not null, primary key (PROP_ID, PROP_NAME))
create table jbid_realm (ID bigint generated by default as identity (start with 1), NAME varchar(255) not null, primary key (ID), unique (NAME))
alter table jbid_io add constraint FK94860092CF26285 foreign key (REALM) references jbid_realm
alter table jbid_io add constraint FK948600921900168B foreign key (IDENTITY_TYPE) references jbid_io_type
alter table jbid_io_attr add constraint FK4DC61D7EDE7E39CB foreign key (BIN_VALUE_ID) references jbid_attr_bin_value
alter table jbid_io_attr add constraint FK4DC61D7E992317F0 foreign key (IDENTITY_OBJECT_ID) references jbid_io
alter table jbid_io_attr_text_values add constraint FKC6F8C733577FACCB foreign key (TEXT_ATTR_VALUE_ID) references jbid_io_attr
alter table jbid_io_creden add constraint FKF7FB3EC4F1FBD584 foreign key (BIN_VALUE_ID) references jbid_creden_bin_value
alter table jbid_io_creden add constraint FKF7FB3EC4992317F0 foreign key (IDENTITY_OBJECT_ID) references jbid_io
alter table jbid_io_creden add constraint FKF7FB3EC429C64409 foreign key (CREDENTIAL_TYPE) references jbid_io_creden_type
alter table jbid_io_creden_props add constraint FKBAD648353BD68084 foreign key (PROP_ID) references jbid_io_creden
alter table jbid_io_props add constraint FK6BCFF78372655F8D foreign key (PROP_ID) references jbid_io
alter table jbid_io_rel add constraint FKE9BC4F6C2D9E6CE8 foreign key (REL_TYPE) references jbid_io_rel_type
alter table jbid_io_rel add constraint FKE9BC4F6C4EF6CBA4 foreign key (NAME) references jbid_io_rel_name
alter table jbid_io_rel add constraint FKE9BC4F6CE5991E18 foreign key (TO_IDENTITY) references jbid_io
alter table jbid_io_rel add constraint FKE9BC4F6C89DEF9C9 foreign key (FROM_IDENTITY) references jbid_io
alter table jbid_io_rel_name add constraint FK5856A77ECF26285 foreign key (REALM) references jbid_realm
alter table jbid_io_rel_name_props add constraint FK224ABD6F3C564090 foreign key (PROP_ID) references jbid_io_rel_name
alter table jbid_io_rel_props add constraint FKB2A23ADD93AFB8E5 foreign key (PROP_ID) references jbid_io_rel
alter table jbid_real_props add constraint FK5F651EFBF40F776D foreign key (PROP_ID) references jbid_realm
INSERT INTO JBID_IO_REL_TYPE VALUES(1,'JBOSS_IDENTITY_MEMBERSHIP')
INSERT INTO JBID_IO_REL_TYPE VALUES(2,'JBOSS_IDENTITY_ROLE')
INSERT INTO JBID_IO_TYPE VALUES(1,'USER')
INSERT INTO JBID_IO_CREDEN_TYPE VALUES(1,'BINARY')
INSERT INTO JBID_IO_CREDEN_TYPE VALUES(2,'PASSWORD')
INSERT INTO JBID_REALM VALUES(1,'org.picketlink.idm.impl.store.hibernate.HibernateIdentityStoreImpl.DEFAULT_REALM')
INSERT INTO JBID_REALM VALUES(2,'idm_realm')
COMMIT
INSERT INTO JBID_IO_TYPE VALUES(2,'root_type')
INSERT INTO JBID_REALM VALUES(3,'idm_realm_portal')
INSERT INTO JBID_IO VALUES(1,2,'developers',3)
INSERT INTO JBID_IO_ATTR VALUES(1,1,'label','text',NULL)
INSERT INTO JBID_IO_ATTR VALUES(2,1,'description','text',NULL)
INSERT INTO JBID_IO_ATTR_TEXT_VALUES VALUES(1,'Development')
INSERT INTO JBID_IO_ATTR_TEXT_VALUES VALUES(2,'the /developers group')
INSERT INTO JBID_IO VALUES(2,2,'GTN_ROOT_GROUP',3)
INSERT INTO JBID_IO_REL VALUES(1,2,NULL,1,1)
INSERT INTO JBID_IO VALUES(3,2,'platform',3)
INSERT INTO JBID_IO_ATTR VALUES(3,3,'label','text',NULL)
INSERT INTO JBID_IO_ATTR VALUES(4,3,'description','text',NULL)
INSERT INTO JBID_IO_ATTR_TEXT_VALUES VALUES(3,'Platform')
INSERT INTO JBID_IO_ATTR_TEXT_VALUES VALUES(4,'the /platform group')
INSERT INTO JBID_IO_REL VALUES(2,2,NULL,3,1)
INSERT INTO JBID_IO_TYPE VALUES(3,'.platform')
INSERT INTO JBID_IO VALUES(4,3,'administrators',3)
INSERT INTO JBID_IO_ATTR VALUES(5,4,'description','text',NULL)
INSERT INTO JBID_IO_ATTR VALUES(6,4,'label','text',NULL)
INSERT INTO JBID_IO_ATTR_TEXT_VALUES VALUES(5,'the /platform/administrators group')
INSERT INTO JBID_IO_ATTR_TEXT_VALUES VALUES(6,'Administration')
INSERT INTO JBID_IO_REL VALUES(3,3,NULL,4,1)
INSERT INTO JBID_IO VALUES(5,3,'users',3)
INSERT INTO JBID_IO_ATTR VALUES(7,5,'label','text',NULL)
INSERT INTO JBID_IO_ATTR VALUES(8,5,'description','text',NULL)
INSERT INTO JBID_IO_ATTR_TEXT_VALUES VALUES(7,'Visitors')
INSERT INTO JBID_IO_ATTR_TEXT_VALUES VALUES(8,'the /platform/users group')
INSERT INTO JBID_IO_REL VALUES(4,3,NULL,5,1)
INSERT INTO JBID_IO VALUES(6,3,'guests',3)
INSERT INTO JBID_IO_ATTR VALUES(9,6,'description','text',NULL)
INSERT INTO JBID_IO_ATTR VALUES(10,6,'label','text',NULL)
INSERT INTO JBID_IO_ATTR_TEXT_VALUES VALUES(9,'the /platform/guests group')
INSERT INTO JBID_IO_ATTR_TEXT_VALUES VALUES(10,'Guests')
INSERT INTO JBID_IO_REL VALUES(5,3,NULL,6,1)
INSERT INTO JBID_IO VALUES(7,3,'web-contributors',3)
INSERT INTO JBID_IO_ATTR VALUES(11,7,'label','text',NULL)
INSERT INTO JBID_IO_ATTR VALUES(12,7,'description','text',NULL)
INSERT INTO JBID_IO_ATTR_TEXT_VALUES VALUES(11,'Content Management')
INSERT INTO JBID_IO_ATTR_TEXT_VALUES VALUES(12,'the /platform/web-contributors group')
INSERT INTO JBID_IO_REL VALUES(6,3,NULL,7,1)
INSERT INTO JBID_IO VALUES(8,2,'organization',3)
INSERT INTO JBID_IO_ATTR VALUES(13,8,'label','text',NULL)
INSERT INTO JBID_IO_ATTR VALUES(14,8,'description','text',NULL)
INSERT INTO JBID_IO_ATTR_TEXT_VALUES VALUES(13,'Organization')
INSERT INTO JBID_IO_ATTR_TEXT_VALUES VALUES(14,'the organization group')
INSERT INTO JBID_IO_REL VALUES(7,2,NULL,8,1)
INSERT INTO JBID_IO_TYPE VALUES(4,'.organization')
INSERT INTO JBID_IO VALUES(9,4,'employees',3)
INSERT INTO JBID_IO_ATTR VALUES(15,9,'label','text',NULL)
INSERT INTO JBID_IO_ATTR VALUES(16,9,'description','text',NULL)
INSERT INTO JBID_IO_ATTR_TEXT_VALUES VALUES(15,'Employees')
INSERT INTO JBID_IO_ATTR_TEXT_VALUES VALUES(16,'the /organization/employees group')
INSERT INTO JBID_IO_REL VALUES(8,8,NULL,9,1)
INSERT INTO JBID_IO_REL_NAME VALUES(1,'*',3)
INSERT INTO JBID_IO_REL_NAME VALUES(2,'manager',3)
INSERT INTO JBID_IO_REL_NAME_PROPS VALUES(1,'1331120014047','create_date')
INSERT INTO JBID_IO_REL_NAME_PROPS VALUES(1,'1331120014047','modified_date')
INSERT INTO JBID_IO_REL_NAME_PROPS VALUES(1,'Any membership type','description')
INSERT INTO JBID_IO_REL_NAME VALUES(3,'member',3)
INSERT INTO JBID_IO_REL_NAME_PROPS VALUES(2,'1331120014069','create_date')
INSERT INTO JBID_IO_REL_NAME_PROPS VALUES(2,'1331120014069','modified_date')
INSERT INTO JBID_IO_REL_NAME_PROPS VALUES(2,'manager membership type','description')
INSERT INTO JBID_IO_REL_NAME VALUES(4,'validator',3)
INSERT INTO JBID_IO_REL_NAME_PROPS VALUES(3,'1331120014081','create_date')
INSERT INTO JBID_IO_REL_NAME_PROPS VALUES(3,'1331120014081','modified_date')
INSERT INTO JBID_IO_REL_NAME_PROPS VALUES(3,'member membership type','description')
INSERT INTO JBID_IO_REL_NAME VALUES(5,'editor',3)
INSERT INTO JBID_IO_REL_NAME_PROPS VALUES(4,'1331120014092','create_date')
INSERT INTO JBID_IO_REL_NAME_PROPS VALUES(4,'1331120014092','modified_date')
INSERT INTO JBID_IO_REL_NAME_PROPS VALUES(4,'validator membership type','description')
INSERT INTO JBID_IO_REL_NAME VALUES(6,'redactor',3)
INSERT INTO JBID_IO_REL_NAME_PROPS VALUES(5,'1331120014104','create_date')
INSERT INTO JBID_IO_REL_NAME_PROPS VALUES(5,'1331120014104','modified_date')
INSERT INTO JBID_IO_REL_NAME_PROPS VALUES(5,'editor membership type','description')
INSERT INTO JBID_IO_REL_NAME VALUES(7,'webdesigner',3)
INSERT INTO JBID_IO_REL_NAME_PROPS VALUES(6,'1331120014115','create_date')
INSERT INTO JBID_IO_REL_NAME_PROPS VALUES(6,'1331120014115','modified_date')
INSERT INTO JBID_IO_REL_NAME_PROPS VALUES(6,'redactor membership type','description')
INSERT INTO JBID_IO_REL_NAME VALUES(8,'author',3)
INSERT INTO JBID_IO_REL_NAME_PROPS VALUES(7,'1331120014125','create_date')
INSERT INTO JBID_IO_REL_NAME_PROPS VALUES(7,'1331120014125','modified_date')
INSERT INTO JBID_IO_REL_NAME_PROPS VALUES(7,'webdesigner membership type','description')
INSERT INTO JBID_IO_REL_NAME VALUES(9,'publisher',3)
INSERT INTO JBID_IO_REL_NAME_PROPS VALUES(8,'1331120014136','create_date')
INSERT INTO JBID_IO_REL_NAME_PROPS VALUES(8,'1331120014136','modified_date')
INSERT INTO JBID_IO_REL_NAME_PROPS VALUES(8,'author membership type','description')
INSERT INTO JBID_IO_REL_NAME_PROPS VALUES(9,'1331120014146','create_date')
INSERT INTO JBID_IO_REL_NAME_PROPS VALUES(9,'1331120014146','modified_date')
INSERT INTO JBID_IO_REL_NAME_PROPS VALUES(9,'publisher membership type','description')
INSERT INTO JBID_IO VALUES(10,1,'root',3)
INSERT INTO JBID_IO_CREDEN VALUES(1,NULL,10,'b9cd9b73428cda4a83651ad1658b439c',2)
INSERT INTO JBID_IO_ATTR VALUES(17,10,'lastName','text',NULL)
INSERT INTO JBID_IO_ATTR VALUES(18,10,'lastLoginTime','text',NULL)
INSERT INTO JBID_IO_ATTR VALUES(19,10,'firstName','text',NULL)
INSERT INTO JBID_IO_ATTR VALUES(20,10,'email','text',NULL)
INSERT INTO JBID_IO_ATTR VALUES(21,10,'createdDate','text',NULL)
INSERT INTO JBID_IO_ATTR_TEXT_VALUES VALUES(17,'Root')
INSERT INTO JBID_IO_ATTR_TEXT_VALUES VALUES(18,'1331120014161')
INSERT INTO JBID_IO_ATTR_TEXT_VALUES VALUES(19,'Root')
INSERT INTO JBID_IO_ATTR_TEXT_VALUES VALUES(20,'root@localhost')
INSERT INTO JBID_IO_ATTR_TEXT_VALUES VALUES(21,'1331120014161')
INSERT INTO JBID_IO_REL VALUES(9,4,1,10,2)
INSERT INTO JBID_IO_REL VALUES(10,5,1,10,2)
INSERT INTO JBID_IO_REL VALUES(11,7,1,10,2)
INSERT INTO JBID_IO_REL VALUES(12,9,1,10,2)
INSERT INTO JBID_IO VALUES(11,1,'john',3)
INSERT INTO JBID_IO_CREDEN VALUES(2,NULL,11,'b9cd9b73428cda4a83651ad1658b439c',2)
INSERT INTO JBID_IO_ATTR VALUES(22,11,'lastLoginTime','text',NULL)
INSERT INTO JBID_IO_ATTR VALUES(23,11,'email','text',NULL)
INSERT INTO JBID_IO_ATTR VALUES(24,11,'createdDate','text',NULL)
INSERT INTO JBID_IO_ATTR VALUES(25,11,'firstName','text',NULL)
INSERT INTO JBID_IO_ATTR VALUES(26,11,'lastName','text',NULL)
INSERT INTO JBID_IO_ATTR_TEXT_VALUES VALUES(22,'1331120014958')
INSERT INTO JBID_IO_ATTR_TEXT_VALUES VALUES(23,'john.smith@acme.exoplatform.com')
INSERT INTO JBID_IO_ATTR_TEXT_VALUES VALUES(24,'1331120014958')
INSERT INTO JBID_IO_ATTR_TEXT_VALUES VALUES(25,'John')
INSERT INTO JBID_IO_ATTR_TEXT_VALUES VALUES(26,'Smith')
INSERT INTO JBID_IO_REL VALUES(13,5,NULL,11,1)
INSERT INTO JBID_IO_REL VALUES(14,5,3,11,2)
INSERT INTO JBID_IO_REL VALUES(15,4,1,11,2)
INSERT INTO JBID_IO_REL VALUES(16,7,1,11,2)
INSERT INTO JBID_IO_REL VALUES(17,5,1,11,2)
INSERT INTO JBID_IO_REL VALUES(18,1,NULL,11,1)
INSERT INTO JBID_IO_REL VALUES(19,1,3,11,2)
INSERT INTO JBID_IO_REL VALUES(20,9,2,11,2)
INSERT INTO JBID_IO VALUES(12,1,'mary',3)
INSERT INTO JBID_IO_CREDEN VALUES(3,NULL,12,'b9cd9b73428cda4a83651ad1658b439c',2)
INSERT INTO JBID_IO_ATTR VALUES(27,12,'email','text',NULL)
INSERT INTO JBID_IO_ATTR VALUES(28,12,'lastLoginTime','text',NULL)
INSERT INTO JBID_IO_ATTR VALUES(29,12,'lastName','text',NULL)
INSERT INTO JBID_IO_ATTR VALUES(30,12,'createdDate','text',NULL)
INSERT INTO JBID_IO_ATTR VALUES(31,12,'firstName','text',NULL)
INSERT INTO JBID_IO_ATTR_TEXT_VALUES VALUES(27,'mary.williams@acme.exoplatform.com')
INSERT INTO JBID_IO_ATTR_TEXT_VALUES VALUES(28,'1331120015720')
INSERT INTO JBID_IO_ATTR_TEXT_VALUES VALUES(29,'Williams')
INSERT INTO JBID_IO_ATTR_TEXT_VALUES VALUES(30,'1331120015720')
INSERT INTO JBID_IO_ATTR_TEXT_VALUES VALUES(31,'Mary')
INSERT INTO JBID_IO_REL VALUES(21,5,NULL,12,1)
INSERT INTO JBID_IO_REL VALUES(22,5,3,12,2)
INSERT INTO JBID_IO_REL VALUES(23,7,5,12,2)
INSERT INTO JBID_IO_REL VALUES(24,7,2,12,2)
INSERT INTO JBID_IO_REL VALUES(25,7,9,12,2)
INSERT INTO JBID_IO_REL VALUES(26,9,NULL,12,1)
INSERT INTO JBID_IO_REL VALUES(27,9,3,12,2)
INSERT INTO JBID_IO VALUES(13,1,'james',3)
INSERT INTO JBID_IO_CREDEN VALUES(4,NULL,13,'b9cd9b73428cda4a83651ad1658b439c',2)
INSERT INTO JBID_IO_ATTR VALUES(32,13,'lastName','text',NULL)
INSERT INTO JBID_IO_ATTR VALUES(33,13,'lastLoginTime','text',NULL)
INSERT INTO JBID_IO_ATTR VALUES(34,13,'email','text',NULL)
INSERT INTO JBID_IO_ATTR VALUES(35,13,'firstName','text',NULL)
INSERT INTO JBID_IO_ATTR VALUES(36,13,'createdDate','text',NULL)
INSERT INTO JBID_IO_ATTR_TEXT_VALUES VALUES(32,'Davis')
INSERT INTO JBID_IO_ATTR_TEXT_VALUES VALUES(33,'1331120016368')
INSERT INTO JBID_IO_ATTR_TEXT_VALUES VALUES(34,'james.davis@acme.exoplatform.com')
INSERT INTO JBID_IO_ATTR_TEXT_VALUES VALUES(35,'James')
INSERT INTO JBID_IO_ATTR_TEXT_VALUES VALUES(36,'1331120016368')
INSERT INTO JBID_IO_REL VALUES(28,5,NULL,13,1)
INSERT INTO JBID_IO_REL VALUES(29,5,3,13,2)
INSERT INTO JBID_IO_REL VALUES(30,7,6,13,2)
INSERT INTO JBID_IO_REL VALUES(31,7,8,13,2)
INSERT INTO JBID_IO_REL VALUES(32,9,NULL,13,1)
INSERT INTO JBID_IO_REL VALUES(33,9,3,13,2)
INSERT INTO JBID_IO VALUES(14,1,'demo',3)
INSERT INTO JBID_IO_CREDEN VALUES(5,NULL,14,'b9cd9b73428cda4a83651ad1658b439c',2)
INSERT INTO JBID_IO_ATTR VALUES(37,14,'firstName','text',NULL)
INSERT INTO JBID_IO_ATTR VALUES(38,14,'lastName','text',NULL)
INSERT INTO JBID_IO_ATTR VALUES(39,14,'lastLoginTime','text',NULL)
INSERT INTO JBID_IO_ATTR VALUES(40,14,'createdDate','text',NULL)
INSERT INTO JBID_IO_ATTR VALUES(41,14,'email','text',NULL)
INSERT INTO JBID_IO_ATTR_TEXT_VALUES VALUES(37,'Jack')
INSERT INTO JBID_IO_ATTR_TEXT_VALUES VALUES(38,'Miller')
INSERT INTO JBID_IO_ATTR_TEXT_VALUES VALUES(39,'1331120016909')
INSERT INTO JBID_IO_ATTR_TEXT_VALUES VALUES(40,'1331120016909')
INSERT INTO JBID_IO_ATTR_TEXT_VALUES VALUES(41,'jack.miller@acme.exoplatform.com')
INSERT INTO JBID_IO_REL VALUES(34,5,NULL,14,1)
INSERT INTO JBID_IO_REL VALUES(35,5,3,14,2)
INSERT INTO JBID_IO_REL VALUES(36,1,NULL,14,1)
INSERT INTO JBID_IO_REL VALUES(37,1,3,14,2)
INSERT INTO JBID_IO_REL VALUES(38,9,NULL,14,1)
INSERT INTO JBID_IO_REL VALUES(39,9,3,14,2)
INSERT INTO JBID_IO VALUES(15,4,'management',3)
INSERT INTO JBID_IO_ATTR VALUES(42,15,'description','text',NULL)
INSERT INTO JBID_IO_ATTR VALUES(43,15,'label','text',NULL)
INSERT INTO JBID_IO_ATTR_TEXT_VALUES VALUES(42,'the /organization/management group')
INSERT INTO JBID_IO_ATTR_TEXT_VALUES VALUES(43,'Management')
INSERT INTO JBID_IO_REL VALUES(40,8,NULL,15,1)
INSERT INTO JBID_IO_TYPE VALUES(5,'.organization.management')
INSERT INTO JBID_IO VALUES(16,5,'executive-board',3)
INSERT INTO JBID_IO_ATTR VALUES(44,16,'label','text',NULL)
INSERT INTO JBID_IO_ATTR VALUES(45,16,'description','text',NULL)
INSERT INTO JBID_IO_ATTR_TEXT_VALUES VALUES(44,'Executive Board')
INSERT INTO JBID_IO_ATTR_TEXT_VALUES VALUES(45,'the /organization/management/executive-board group')
INSERT INTO JBID_IO_REL VALUES(41,15,NULL,16,1)
INSERT INTO JBID_IO VALUES(17,5,'human-resources',3)
INSERT INTO JBID_IO_ATTR VALUES(46,17,'label','text',NULL)
INSERT INTO JBID_IO_ATTR VALUES(47,17,'description','text',NULL)
INSERT INTO JBID_IO_ATTR_TEXT_VALUES VALUES(46,'Human Resources')
INSERT INTO JBID_IO_ATTR_TEXT_VALUES VALUES(47,'the /organization/management/human-resource group')
INSERT INTO JBID_IO_REL VALUES(42,15,NULL,17,1)
INSERT INTO JBID_IO_REL VALUES(43,16,NULL,10,1)
INSERT INTO JBID_IO_REL VALUES(44,16,3,10,2)
INSERT INTO JBID_IO_REL VALUES(45,16,2,11,2)
INSERT INTO JBID_IO_REL VALUES(46,17,1,13,2)
COMMIT
